  • electron-builder  version=26.0.12 os=6.17.5-200.nobara.fc42.x86_64
  • loaded configuration  file=package.json ("build" field)
  • effective config  config=directories:
  output: dist-electron
  buildResources: build
appId: com.raymondjohnson.personalwebsite
productName: Personal Website
files:
  - filter:
      - dist/**/*
      - main.cjs
linux:
  target:
    - AppImage
    - snap
  category: Utility
win:
  target:
    - nsis
mac:
  target:
    - dmg
  category: public.app-category.productivity
publish:
  - provider: github
    owner: supere989
    repo: personal-website
    draft: true

  ⨯ Invalid configuration object. electron-builder 26.0.12 has been initialized using a configuration object that does not match the API schema.
 - configuration.publish should be one of these:
   object { provider, channel?, host?, owner?, private?, protocol?, publishAutoUpdate?, publisherName?, releaseType?, repo?, requestHeaders?, timeout?, token?, updaterCacheDirName?, vPrefixedTagName? } | object { bucket, provider, accelerate?, acl?, channel?, encryption?, endpoint?, forcePathStyle?, path?, publishAutoUpdate?, publisherName?, region?, requestHeaders?, storageClass?, timeout?, updaterCacheDirName? } | object { name, provider, region, acl?, channel?, path?, publishAutoUpdate?, publisherName?, requestHeaders?, timeout?, updaterCacheDirName? } | object { provider, url, channel?, publishAutoUpdate?, publisherName?, requestHeaders?, timeout?, updaterCacheDirName?, useMultipleRangeRequest? } | object { provider, publishAutoUpdate?, publisherName?, requestHeaders?, timeout?, updateProvider?, updaterCacheDirName?, <key>: {} } | object { account, product, provider, channel?, host?, platform?, publishAutoUpdate?, publisherName?, requestHeaders?, timeout?, updaterCacheDirName? } | object { provider, channels?, publishAutoUpdate?, publisherName?, repo?, requestHeaders?, timeout?, updaterCacheDirName? } | object { owner, provider, slug, channel?, publishAutoUpdate?, publisherName?, requestHeaders?, timeout?, token?, updaterCacheDirName?, username? } | [object { provider, channel?, host?, owner?, private?, protocol?, publishAutoUpdate?, publisherName?, releaseType?, repo?, requestHeaders?, timeout?, token?, updaterCacheDirName?, vPrefixedTagName? } | object { bucket, provider, accelerate?, acl?, channel?, encryption?, endpoint?, forcePathStyle?, path?, publishAutoUpdate?, publisherName?, region?, requestHeaders?, storageClass?, timeout?, updaterCacheDirName? } | object { name, provider, region, acl?, channel?, path?, publishAutoUpdate?, publisherName?, requestHeaders?, timeout?, updaterCacheDirName? } | object { provider, url, channel?, publishAutoUpdate?, publisherName?, requestHeaders?, timeout?, updaterCacheDirName?, useMultipleRangeRequest? } | object { provider, publishAutoUpdate?, publisherName?, requestHeaders?, timeout?, updateProvider?, updaterCacheDirName?, <key>: {} } | object { account, product, provider, channel?, host?, platform?, publishAutoUpdate?, publisherName?, requestHeaders?, timeout?, updaterCacheDirName? } | object { provider, channels?, publishAutoUpdate?, publisherName?, repo?, requestHeaders?, timeout?, updaterCacheDirName? } | object { owner, provider, slug, channel?, publishAutoUpdate?, publisherName?, requestHeaders?, timeout?, token?, updaterCacheDirName?, username? } | string, ...] | null | string
   -> Publisher configuration. See [Auto Update](./publish.md) for more information.
   Details:
    * configuration.publish[0].provider should be equal to constant "s3"
      -> The provider. Must be `s3`.
    * configuration.publish[0].provider should be equal to constant "spaces"
      -> The provider. Must be `spaces`.
    * configuration.publish[0].provider should be equal to constant "generic"
      -> The provider. Must be `generic`.
    * configuration.publish[0].provider should be equal to constant "custom"
      -> The provider. Must be `custom`.
    * configuration.publish[0].provider should be equal to constant "keygen"
      -> The provider. Must be `keygen`.
    * configuration.publish[0].provider should be equal to constant "snapStore"
      -> The provider. Must be `snapStore`.
    * configuration.publish[0].provider should be equal to constant "bitbucket"
      -> The provider. Must be `bitbucket`.
     How to fix:
     1. Open https://www.electron.build/configuration
     2. Search the option name on the page (or type in into Search to find across the docs).
       * Not found? The option was deprecated or not exists (check spelling).
       * Found? Check that the option in the appropriate place. e.g. "title" only in the "dmg", not in the root.
  failedTask=build stackTrace=ValidationError: Invalid configuration object. electron-builder 26.0.12 has been initialized using a configuration object that does not match the API schema.
 - configuration.publish should be one of these:
   object { provider, channel?, host?, owner?, private?, protocol?, publishAutoUpdate?, publisherName?, releaseType?, repo?, requestHeaders?, timeout?, token?, updaterCacheDirName?, vPrefixedTagName? } | object { bucket, provider, accelerate?, acl?, channel?, encryption?, endpoint?, forcePathStyle?, path?, publishAutoUpdate?, publisherName?, region?, requestHeaders?, storageClass?, timeout?, updaterCacheDirName? } | object { name, provider, region, acl?, channel?, path?, publishAutoUpdate?, publisherName?, requestHeaders?, timeout?, updaterCacheDirName? } | object { provider, url, channel?, publishAutoUpdate?, publisherName?, requestHeaders?, timeout?, updaterCacheDirName?, useMultipleRangeRequest? } | object { provider, publishAutoUpdate?, publisherName?, requestHeaders?, timeout?, updateProvider?, updaterCacheDirName?, <key>: {} } | object { account, product, provider, channel?, host?, platform?, publishAutoUpdate?, publisherName?, requestHeaders?, timeout?, updaterCacheDirName? } | object { provider, channels?, publishAutoUpdate?, publisherName?, repo?, requestHeaders?, timeout?, updaterCacheDirName? } | object { owner, provider, slug, channel?, publishAutoUpdate?, publisherName?, requestHeaders?, timeout?, token?, updaterCacheDirName?, username? } | [object { provider, channel?, host?, owner?, private?, protocol?, publishAutoUpdate?, publisherName?, releaseType?, repo?, requestHeaders?, timeout?, token?, updaterCacheDirName?, vPrefixedTagName? } | object { bucket, provider, accelerate?, acl?, channel?, encryption?, endpoint?, forcePathStyle?, path?, publishAutoUpdate?, publisherName?, region?, requestHeaders?, storageClass?, timeout?, updaterCacheDirName? } | object { name, provider, region, acl?, channel?, path?, publishAutoUpdate?, publisherName?, requestHeaders?, timeout?, updaterCacheDirName? } | object { provider, url, channel?, publishAutoUpdate?, publisherName?, requestHeaders?, timeout?, updaterCacheDirName?, useMultipleRangeRequest? } | object { provider, publishAutoUpdate?, publisherName?, requestHeaders?, timeout?, updateProvider?, updaterCacheDirName?, <key>: {} } | object { account, product, provider, channel?, host?, platform?, publishAutoUpdate?, publisherName?, requestHeaders?, timeout?, updaterCacheDirName? } | object { provider, channels?, publishAutoUpdate?, publisherName?, repo?, requestHeaders?, timeout?, updaterCacheDirName? } | object { owner, provider, slug, channel?, publishAutoUpdate?, publisherName?, requestHeaders?, timeout?, token?, updaterCacheDirName?, username? } | string, ...] | null | string
   -> Publisher configuration. See [Auto Update](./publish.md) for more information.
   Details:
    * configuration.publish[0].provider should be equal to constant "s3"
      -> The provider. Must be `s3`.
    * configuration.publish[0].provider should be equal to constant "spaces"
      -> The provider. Must be `spaces`.
    * configuration.publish[0].provider should be equal to constant "generic"
      -> The provider. Must be `generic`.
    * configuration.publish[0].provider should be equal to constant "custom"
      -> The provider. Must be `custom`.
    * configuration.publish[0].provider should be equal to constant "keygen"
      -> The provider. Must be `keygen`.
    * configuration.publish[0].provider should be equal to constant "snapStore"
      -> The provider. Must be `snapStore`.
    * configuration.publish[0].provider should be equal to constant "bitbucket"
      -> The provider. Must be `bitbucket`.
     How to fix:
     1. Open https://www.electron.build/configuration
     2. Search the option name on the page (or type in into Search to find across the docs).
       * Not found? The option was deprecated or not exists (check spelling).
       * Found? Check that the option in the appropriate place. e.g. "title" only in the "dmg", not in the root.
                                                                                                                                                                                                                                                                                                                                                                                                                                                                                                                                                                                                                                                                                                                                                                                                                                                                                                                                                                                                                                                                                                                                                                                                                                                                                                                                                                                                                                                                                                                                                                                                                                                                                                                                                                                                                                                                                                                                                                                                                                                                                                                                                                                                                                                                                                                                                                                                                                                                                                                                                                                                                                                                                                                                                                                                                                                                                                                                                                                                                                                                                                                                                                                                                                                                                                                                                                                                                                                                                                                                                                                                                                                                                                                                                                                                                                                                                                                                                                                                                                                                                                                                                                                                                             at validate (/home/raymond/Documents/person-website/personal-website/node_modules/@develar/schema-utils/dist/validate.js:86:11)
    at validateConfiguration (/home/raymond/Documents/person-website/personal-website/node_modules/app-builder-lib/src/util/config/config.ts:239:3)
    at Packager.validateConfig (/home/raymond/Documents/person-website/personal-website/node_modules/app-builder-lib/src/packager.ts:384:5)
    at Packager.build (/home/raymond/Documents/person-website/personal-website/node_modules/app-builder-lib/src/packager.ts:392:5)
    at executeFinally (/home/raymond/Documents/person-website/personal-website/node_modules/builder-util/src/promise.ts:12:14)
